<?xml version="1.0" encoding="UTF-8"?>
<testng-results skipped="0" failed="0" total="1" passed="1">
  <reporter-output>
  </reporter-output>
  <suite name="Default suite" duration-ms="215475" started-at="2021-05-04T14:10:02Z" finished-at="2021-05-04T14:13:38Z">
    <groups>
    </groups>
    <test name="Default test" duration-ms="215475" started-at="2021-05-04T14:10:02Z" finished-at="2021-05-04T14:13:38Z">
      <class name="Regression.cloneQuote">
        <test-method status="PASS" signature="LoginpageNavigation()[pri:0, instance:Regression.cloneQuote@cb5822]" name="LoginpageNavigation" duration-ms="215439" started-at="2021-05-04T19:40:02Z" finished-at="2021-05-04T19:43:38Z">
          <reporter-output>
          </reporter-output>
        </test-method> <!-- LoginpageNavigation -->
      </class> <!-- Regression.cloneQuote -->
    </test> <!-- Default test -->
  </suite> <!-- Default suite -->
</testng-results>
