<?xml version="1.0" encoding="UTF-8"?>
<testng-results skipped="0" failed="0" total="1" passed="1">
  <reporter-output>
  </reporter-output>
  <suite name="Default suite" duration-ms="171800" started-at="2021-05-28T22:51:23Z" finished-at="2021-05-28T22:54:15Z">
    <groups>
    </groups>
    <test name="Default test" duration-ms="171800" started-at="2021-05-28T22:51:23Z" finished-at="2021-05-28T22:54:15Z">
      <class name="Regression.amendContract">
        <test-method status="PASS" signature="amendContract()[pri:0, instance:Regression.amendContract@cb5822]" name="amendContract" duration-ms="171732" started-at="2021-05-29T04:21:23Z" finished-at="2021-05-29T04:24:15Z">
          <reporter-output>
          </reporter-output>
        </test-method> <!-- amendContract -->
      </class> <!-- Regression.amendContract -->
    </test> <!-- Default test -->
  </suite> <!-- Default suite -->
</testng-results>
