<?xml version="1.0" encoding="UTF-8"?>
<testng-results skipped="0" failed="0" total="1" passed="1">
  <reporter-output>
  </reporter-output>
  <suite name="Default suite" duration-ms="88792" started-at="2021-05-17T13:52:09Z" finished-at="2021-05-17T13:53:38Z">
    <groups>
    </groups>
    <test name="Default test" duration-ms="88792" started-at="2021-05-17T13:52:09Z" finished-at="2021-05-17T13:53:38Z">
      <class name="Regression.createContract">
        <test-method status="PASS" signature="createContract()[pri:0, instance:Regression.createContract@cb5822]" name="createContract" duration-ms="88745" started-at="2021-05-17T19:22:09Z" finished-at="2021-05-17T19:23:38Z">
          <reporter-output>
          </reporter-output>
        </test-method> <!-- createContract -->
      </class> <!-- Regression.createContract -->
    </test> <!-- Default test -->
  </suite> <!-- Default suite -->
</testng-results>
