<?xml version="1.0" encoding="UTF-8"?>
<testng-results skipped="0" failed="0" total="1" passed="1">
  <reporter-output>
  </reporter-output>
  <suite name="Default suite" duration-ms="2970874" started-at="2021-07-01T14:24:17Z" finished-at="2021-07-01T15:13:48Z">
    <groups>
    </groups>
    <test name="Default test" duration-ms="2970874" started-at="2021-07-01T14:24:17Z" finished-at="2021-07-01T15:13:48Z">
      <class name="Regression.contractSync">
        <test-method status="PASS" signature="sync()[pri:0, instance:Regression.contractSync@61832929]" name="sync" duration-ms="2970853" started-at="2021-07-01T19:54:17Z" finished-at="2021-07-01T20:43:48Z">
          <reporter-output>
          </reporter-output>
        </test-method> <!-- sync -->
        <test-method status="PASS" signature="afterclassmethod()[pri:0, instance:Regression.contractSync@61832929]" name="afterclassmethod" is-config="true" duration-ms="0" started-at="2021-07-01T20:43:48Z" finished-at="2021-07-01T20:43:48Z">
          <reporter-output>
          </reporter-output>
        </test-method> <!-- afterclassmethod -->
        <test-method status="PASS" signature="aftersuitemethod()[pri:0, instance:Regression.contractSync@61832929]" name="aftersuitemethod" is-config="true" duration-ms="0" started-at="2021-07-01T20:43:48Z" finished-at="2021-07-01T20:43:48Z">
          <reporter-output>
          </reporter-output>
        </test-method> <!-- aftersuitemethod -->
      </class> <!-- Regression.contractSync -->
    </test> <!-- Default test -->
  </suite> <!-- Default suite -->
</testng-results>
