<?xml version="1.0" encoding="UTF-8"?>
<testng-results skipped="0" failed="0" total="1" passed="1">
  <reporter-output>
  </reporter-output>
  <suite name="Default suite" duration-ms="217542" started-at="2021-06-29T11:00:19Z" finished-at="2021-06-29T11:03:56Z">
    <groups>
    </groups>
    <test name="Default test" duration-ms="217542" started-at="2021-06-29T11:00:19Z" finished-at="2021-06-29T11:03:56Z">
      <class name="Regression.createNonRevenueContract">
        <test-method status="PASS" signature="createNonRevenueContract()[pri:0, instance:Regression.createNonRevenueContract@61832929]" name="createNonRevenueContract" duration-ms="217510" started-at="2021-06-29T16:30:19Z" finished-at="2021-06-29T16:33:56Z">
          <reporter-output>
          </reporter-output>
        </test-method> <!-- createNonRevenueContract -->
        <test-method status="PASS" signature="afterclassmethod()[pri:0, instance:Regression.createNonRevenueContract@61832929]" name="afterclassmethod" is-config="true" duration-ms="8" started-at="2021-06-29T16:33:56Z" finished-at="2021-06-29T16:33:56Z">
          <reporter-output>
          </reporter-output>
        </test-method> <!-- afterclassmethod -->
        <test-method status="PASS" signature="aftersuitemethod()[pri:0, instance:Regression.createNonRevenueContract@61832929]" name="aftersuitemethod" is-config="true" duration-ms="0" started-at="2021-06-29T16:33:56Z" finished-at="2021-06-29T16:33:56Z">
          <reporter-output>
          </reporter-output>
        </test-method> <!-- aftersuitemethod -->
      </class> <!-- Regression.createNonRevenueContract -->
    </test> <!-- Default test -->
  </suite> <!-- Default suite -->
</testng-results>
