<?xml version="1.0" encoding="UTF-8"?>
<testng-results skipped="15" failed="1" total="17" passed="1">
  <reporter-output>
  </reporter-output>
  <suite name="Default suite" duration-ms="213958" started-at="2021-06-04T09:30:52Z" finished-at="2021-06-04T09:34:26Z">
    <groups>
    </groups>
    <test name="Default test" duration-ms="213958" started-at="2021-06-04T09:30:52Z" finished-at="2021-06-04T09:34:26Z">
      <class name="Regression.LoginPage">
        <test-method status="PASS" signature="createOpp()[pri:0, instance:Regression.LoginPage@5e5792a0]" name="createOpp" duration-ms="152920" started-at="2021-06-04T15:00:52Z" finished-at="2021-06-04T15:03:25Z">
          <reporter-output>
          </reporter-output>
        </test-method> <!-- createOpp -->
        <test-method status="FAIL" signature="createQuote()[pri:0, instance:Regression.LoginPage@5e5792a0]" name="createQuote" duration-ms="60917" started-at="2021-06-04T15:03:25Z" depends-on-methods="Regression.LoginPage.createOpp" finished-at="2021-06-04T15:04:26Z">
          <exception class="org.openqa.selenium.ElementNotInteractableException">
            <message>
              <![CDATA[element not interactable
  (Session info: chrome=85.0.4183.121)
Build info: version: '4.0.0-alpha-5', revision: 'b3a0d621cc'
System info: host: '01HW1442137', ip: '10.96.12.213', os.name: 'Windows 10', os.arch: 'amd64', os.version: '10.0', java.version: '1.8.0_202'
Driver info: org.openqa.selenium.chrome.ChromeDriver
Capabilities {acceptInsecureCerts: false, browserName: chrome, browserVersion: 85.0.4183.121, chrome: {chromedriverVersion: 84.0.4147.30 (48b3e868b4cc0..., userDataDir: C:\Users\966790\AppData\Loc...}, goog:chromeOptions: {debuggerAddress: localhost:54924}, javascriptEnabled: true, networkConnectionEnabled: false, pageLoadStrategy: normal, platform: WINDOWS, platformName: WINDOWS, proxy: Proxy(), setWindowRect: true, strictFileInteractability: false, timeouts: {implicit: 0, pageLoad: 300000, script: 30000}, unhandledPromptBehavior: dismiss and notify, webauthn:virtualAuthenticators: true}
Session ID: d362c2710d1e38f224b3ed6f510647d2]]>
            </message>
            <full-stacktrace>
              <![CDATA[org.openqa.selenium.ElementNotInteractableException: element not interactable
  (Session info: chrome=85.0.4183.121)
Build info: version: '4.0.0-alpha-5', revision: 'b3a0d621cc'
System info: host: '01HW1442137', ip: '10.96.12.213', os.name: 'Windows 10', os.arch: 'amd64', os.version: '10.0', java.version: '1.8.0_202'
Driver info: org.openqa.selenium.chrome.ChromeDriver
Capabilities {acceptInsecureCerts: false, browserName: chrome, browserVersion: 85.0.4183.121, chrome: {chromedriverVersion: 84.0.4147.30 (48b3e868b4cc0..., userDataDir: C:\Users\966790\AppData\Loc...}, goog:chromeOptions: {debuggerAddress: localhost:54924}, javascriptEnabled: true, networkConnectionEnabled: false, pageLoadStrategy: normal, platform: WINDOWS, platformName: WINDOWS, proxy: Proxy(), setWindowRect: true, strictFileInteractability: false, timeouts: {implicit: 0, pageLoad: 300000, script: 30000}, unhandledPromptBehavior: dismiss and notify, webauthn:virtualAuthenticators: true}
Session ID: d362c2710d1e38f224b3ed6f510647d2
	at sun.reflect.NativeConstructorAccessorImpl.newInstance0(Native Method)
	at sun.reflect.NativeConstructorAccessorImpl.newInstance(NativeConstructorAccessorImpl.java:62)
	at sun.reflect.DelegatingConstructorAccessorImpl.newInstance(DelegatingConstructorAccessorImpl.java:45)
	at java.lang.reflect.Constructor.newInstance(Constructor.java:423)
	at org.openqa.selenium.remote.codec.w3c.W3CHttpResponseCodec.createException(W3CHttpResponseCodec.java:196)
	at org.openqa.selenium.remote.codec.w3c.W3CHttpResponseCodec.decode(W3CHttpResponseCodec.java:129)
	at org.openqa.selenium.remote.codec.w3c.W3CHttpResponseCodec.decode(W3CHttpResponseCodec.java:53)
	at org.openqa.selenium.remote.HttpCommandExecutor.execute(HttpCommandExecutor.java:161)
	at org.openqa.selenium.remote.service.DriverCommandExecutor.execute(DriverCommandExecutor.java:83)
	at org.openqa.selenium.remote.RemoteWebDriver.execute(RemoteWebDriver.java:582)
	at org.openqa.selenium.remote.RemoteWebElement.execute(RemoteWebElement.java:316)
	at org.openqa.selenium.remote.RemoteWebElement.click(RemoteWebElement.java:85)
	at Regression.LoginPage.createQuote(LoginPage.java:153)
	at sun.reflect.NativeMethodAccessorImpl.invoke0(Native Method)
	at sun.reflect.NativeMethodAccessorImpl.invoke(NativeMethodAccessorImpl.java:62)
	at sun.reflect.DelegatingMethodAccessorImpl.invoke(DelegatingMethodAccessorImpl.java:43)
	at java.lang.reflect.Method.invoke(Method.java:498)
	at org.testng.internal.MethodInvocationHelper.invokeMethod(MethodInvocationHelper.java:80)
	at org.testng.internal.Invoker.invokeMethod(Invoker.java:714)
	at org.testng.internal.Invoker.invokeTestMethod(Invoker.java:901)
	at org.testng.internal.Invoker.invokeTestMethods(Invoker.java:1231)
	at org.testng.internal.TestMethodWorker.invokeTestMethods(TestMethodWorker.java:127)
	at org.testng.internal.TestMethodWorker.run(TestMethodWorker.java:111)
	at org.testng.TestRunner.privateRun(TestRunner.java:767)
	at org.testng.TestRunner.run(TestRunner.java:617)
	at org.testng.SuiteRunner.runTest(SuiteRunner.java:334)
	at org.testng.SuiteRunner.runSequentially(SuiteRunner.java:329)
	at org.testng.SuiteRunner.privateRun(SuiteRunner.java:291)
	at org.testng.SuiteRunner.run(SuiteRunner.java:240)
	at org.testng.SuiteRunnerWorker.runSuite(SuiteRunnerWorker.java:52)
	at org.testng.SuiteRunnerWorker.run(SuiteRunnerWorker.java:86)
	at org.testng.TestNG.runSuitesSequentially(TestNG.java:1198)
	at org.testng.TestNG.runSuitesLocally(TestNG.java:1123)
	at org.testng.TestNG.run(TestNG.java:1031)
	at org.testng.remote.AbstractRemoteTestNG.run(AbstractRemoteTestNG.java:132)
	at org.testng.remote.RemoteTestNG.initAndRun(RemoteTestNG.java:236)
	at org.testng.remote.RemoteTestNG.main(RemoteTestNG.java:81)
]]>
            </full-stacktrace>
          </exception> <!-- org.openqa.selenium.ElementNotInteractableException -->
          <reporter-output>
          </reporter-output>
        </test-method> <!-- createQuote -->
        <test-method status="SKIP" signature="generatequoteproposal()[pri:0, instance:Regression.LoginPage@5e5792a0]" name="generatequoteproposal" duration-ms="0" started-at="2021-06-04T15:04:26Z" depends-on-methods="Regression.LoginPage.configureQuote" finished-at="2021-06-04T15:04:26Z">
          <reporter-output>
          </reporter-output>
        </test-method> <!-- generatequoteproposal -->
        <test-method status="SKIP" signature="configureQuote()[pri:0, instance:Regression.LoginPage@5e5792a0]" name="configureQuote" duration-ms="0" started-at="2021-06-04T15:04:26Z" depends-on-methods="Regression.LoginPage.createQuote" finished-at="2021-06-04T15:04:26Z">
          <reporter-output>
          </reporter-output>
        </test-method> <!-- configureQuote -->
        <test-method status="SKIP" signature="approveQuote()[pri:0, instance:Regression.LoginPage@5e5792a0]" name="approveQuote" duration-ms="0" started-at="2021-06-04T15:04:26Z" depends-on-methods="Regression.LoginPage.generatequoteproposal" finished-at="2021-06-04T15:04:26Z">
          <reporter-output>
          </reporter-output>
        </test-method> <!-- approveQuote -->
        <test-method status="SKIP" signature="createContract()[pri:0, instance:Regression.LoginPage@5e5792a0]" name="createContract" duration-ms="0" started-at="2021-06-04T15:04:26Z" depends-on-methods="Regression.LoginPage.approveQuote" finished-at="2021-06-04T15:04:26Z">
          <reporter-output>
          </reporter-output>
        </test-method> <!-- createContract -->
        <test-method status="SKIP" signature="eSignature()[pri:0, instance:Regression.LoginPage@5e5792a0]" name="eSignature" duration-ms="0" started-at="2021-06-04T15:04:26Z" depends-on-methods="Regression.LoginPage.Submitedit" finished-at="2021-06-04T15:04:26Z">
          <reporter-output>
          </reporter-output>
        </test-method> <!-- eSignature -->
        <test-method status="SKIP" signature="Submitedit()[pri:0, instance:Regression.LoginPage@5e5792a0]" name="Submitedit" duration-ms="0" started-at="2021-06-04T15:04:26Z" depends-on-methods="Regression.LoginPage.createContract" finished-at="2021-06-04T15:04:26Z">
          <reporter-output>
          </reporter-output>
        </test-method> <!-- Submitedit -->
        <test-method status="SKIP" signature="attentionrequired()[pri:0, instance:Regression.LoginPage@5e5792a0]" name="attentionrequired" duration-ms="0" started-at="2021-06-04T15:04:26Z" depends-on-methods="Regression.LoginPage.contractSubmitForSignature" finished-at="2021-06-04T15:04:26Z">
          <reporter-output>
          </reporter-output>
        </test-method> <!-- attentionrequired -->
        <test-method status="SKIP" signature="contractSubmitForSignature()[pri:0, instance:Regression.LoginPage@5e5792a0]" name="contractSubmitForSignature" duration-ms="0" started-at="2021-06-04T15:04:26Z" depends-on-methods="Regression.LoginPage.eSignature" finished-at="2021-06-04T15:04:26Z">
          <reporter-output>
          </reporter-output>
        </test-method> <!-- contractSubmitForSignature -->
        <test-method status="SKIP" signature="awaitingactivation()[pri:0, instance:Regression.LoginPage@5e5792a0]" name="awaitingactivation" duration-ms="0" started-at="2021-06-04T15:04:26Z" depends-on-methods="Regression.LoginPage.attentionrequired" finished-at="2021-06-04T15:04:26Z">
          <reporter-output>
          </reporter-output>
        </test-method> <!-- awaitingactivation -->
        <test-method status="SKIP" signature="contractactivation()[pri:0, instance:Regression.LoginPage@5e5792a0]" name="contractactivation" duration-ms="0" started-at="2021-06-04T15:04:26Z" depends-on-methods="Regression.LoginPage.awaitingactivation" finished-at="2021-06-04T15:04:26Z">
          <reporter-output>
          </reporter-output>
        </test-method> <!-- contractactivation -->
        <test-method status="SKIP" signature="amendmentSubmitForSignature()[pri:0, instance:Regression.LoginPage@5e5792a0]" name="amendmentSubmitForSignature" duration-ms="0" started-at="2021-06-04T15:04:26Z" depends-on-methods="Regression.LoginPage.eSignatureAmendment" finished-at="2021-06-04T15:04:26Z">
          <reporter-output>
          </reporter-output>
        </test-method> <!-- amendmentSubmitForSignature -->
        <test-method status="SKIP" signature="eSignatureAmendment()[pri:0, instance:Regression.LoginPage@5e5792a0]" name="eSignatureAmendment" duration-ms="0" started-at="2021-06-04T15:04:26Z" depends-on-methods="Regression.LoginPage.amendmentSubmitEdit" finished-at="2021-06-04T15:04:26Z">
          <reporter-output>
          </reporter-output>
        </test-method> <!-- eSignatureAmendment -->
        <test-method status="SKIP" signature="createAmendmentOpportunity()[pri:0, instance:Regression.LoginPage@5e5792a0]" name="createAmendmentOpportunity" duration-ms="0" started-at="2021-06-04T15:04:26Z" depends-on-methods="Regression.LoginPage.contractactivation" finished-at="2021-06-04T15:04:26Z">
          <reporter-output>
          </reporter-output>
        </test-method> <!-- createAmendmentOpportunity -->
        <test-method status="SKIP" signature="amendmentSubmitEdit()[pri:0, instance:Regression.LoginPage@5e5792a0]" name="amendmentSubmitEdit" duration-ms="0" started-at="2021-06-04T15:04:26Z" depends-on-methods="Regression.LoginPage.createAmendmentOpportunity" finished-at="2021-06-04T15:04:26Z">
          <reporter-output>
          </reporter-output>
        </test-method> <!-- amendmentSubmitEdit -->
        <test-method status="SKIP" signature="amendContract()[pri:0, instance:Regression.LoginPage@5e5792a0]" name="amendContract" duration-ms="0" started-at="2021-06-04T15:04:26Z" depends-on-methods="Regression.LoginPage.amendmentSubmitForSignature" finished-at="2021-06-04T15:04:26Z">
          <reporter-output>
          </reporter-output>
        </test-method> <!-- amendContract -->
        <test-method status="PASS" signature="afterclassmethod()[pri:0, instance:Regression.LoginPage@5e5792a0]" name="afterclassmethod" is-config="true" duration-ms="0" started-at="2021-06-04T15:04:26Z" finished-at="2021-06-04T15:04:26Z">
          <reporter-output>
          </reporter-output>
        </test-method> <!-- afterclassmethod -->
        <test-method status="PASS" signature="aftersuitemethod()[pri:0, instance:Regression.LoginPage@5e5792a0]" name="aftersuitemethod" is-config="true" duration-ms="0" started-at="2021-06-04T15:04:26Z" finished-at="2021-06-04T15:04:26Z">
          <reporter-output>
          </reporter-output>
        </test-method> <!-- aftersuitemethod -->
      </class> <!-- Regression.LoginPage -->
    </test> <!-- Default test -->
  </suite> <!-- Default suite -->
</testng-results>
