<?xml version="1.0" encoding="UTF-8"?>
<testng-results skipped="0" failed="0" total="4" passed="4">
  <reporter-output>
  </reporter-output>
  <suite name="Default suite" duration-ms="383944" started-at="2021-06-02T03:30:43Z" finished-at="2021-06-02T03:37:07Z">
    <groups>
    </groups>
    <test name="Default test" duration-ms="383944" started-at="2021-06-02T03:30:43Z" finished-at="2021-06-02T03:37:07Z">
      <class name="Regression.LoginPage">
        <test-method status="PASS" signature="createOpp()[pri:0, instance:Regression.LoginPage@3ffc5af1]" name="createOpp" duration-ms="77355" started-at="2021-06-02T09:00:43Z" finished-at="2021-06-02T09:02:00Z">
          <reporter-output>
          </reporter-output>
        </test-method> <!-- createOpp -->
        <test-method status="PASS" signature="amendmentSubmitEdit()[pri:0, instance:Regression.LoginPage@3ffc5af1]" name="amendmentSubmitEdit" duration-ms="0" started-at="2021-06-02T09:02:00Z" finished-at="2021-06-02T09:02:00Z">
          <reporter-output>
          </reporter-output>
        </test-method> <!-- amendmentSubmitEdit -->
        <test-method status="PASS" signature="amendmentSubmitForSignature()[pri:0, instance:Regression.LoginPage@3ffc5af1]" name="amendmentSubmitForSignature" duration-ms="195536" started-at="2021-06-02T09:02:00Z" finished-at="2021-06-02T09:05:16Z">
          <reporter-output>
          </reporter-output>
        </test-method> <!-- amendmentSubmitForSignature -->
        <test-method status="PASS" signature="amendContract()[pri:0, instance:Regression.LoginPage@3ffc5af1]" name="amendContract" duration-ms="111005" started-at="2021-06-02T09:05:16Z" depends-on-methods="Regression.LoginPage.amendmentSubmitForSignature" finished-at="2021-06-02T09:07:07Z">
          <reporter-output>
          </reporter-output>
        </test-method> <!-- amendContract -->
        <test-method status="PASS" signature="afterclassmethod()[pri:0, instance:Regression.LoginPage@3ffc5af1]" name="afterclassmethod" is-config="true" duration-ms="8" started-at="2021-06-02T09:07:07Z" finished-at="2021-06-02T09:07:07Z">
          <reporter-output>
          </reporter-output>
        </test-method> <!-- afterclassmethod -->
        <test-method status="PASS" signature="aftersuitemethod()[pri:0, instance:Regression.LoginPage@3ffc5af1]" name="aftersuitemethod" is-config="true" duration-ms="0" started-at="2021-06-02T09:07:07Z" finished-at="2021-06-02T09:07:07Z">
          <reporter-output>
          </reporter-output>
        </test-method> <!-- aftersuitemethod -->
      </class> <!-- Regression.LoginPage -->
    </test> <!-- Default test -->
  </suite> <!-- Default suite -->
</testng-results>
