<?xml version="1.0" encoding="UTF-8"?>
<testng-results skipped="0" failed="1" total="1" passed="0">
  <reporter-output>
  </reporter-output>
  <suite name="Default suite" duration-ms="61" started-at="2021-06-29T14:58:48Z" finished-at="2021-06-29T14:58:48Z">
    <groups>
    </groups>
    <test name="Default test" duration-ms="61" started-at="2021-06-29T14:58:48Z" finished-at="2021-06-29T14:58:48Z">
      <class name="Regression.createOpportunity">
        <test-method status="FAIL" signature="createOpportunity()[pri:0, instance:Regression.createOpportunity@61832929]" name="createOpportunity" duration-ms="25" started-at="2021-06-29T20:28:48Z" finished-at="2021-06-29T20:28:48Z">
          <exception class="java.io.FileNotFoundException">
            <message>
              <![CDATA[resources\data.properties (The system cannot find the path specified)]]>
            </message>
            <full-stacktrace>
              <![CDATA[java.io.FileNotFoundException: resources\data.properties (The system cannot find the path specified)
	at java.io.FileInputStream.open0(Native Method)
	at java.io.FileInputStream.open(FileInputStream.java:195)
	at java.io.FileInputStream.<init>(FileInputStream.java:138)
	at java.io.FileInputStream.<init>(FileInputStream.java:93)
	at Regression.Base.initialiseDriver(Base.java:98)
	at Regression.createOpportunity.createOpportunity(createOpportunity.java:32)
	at sun.reflect.NativeMethodAccessorImpl.invoke0(Native Method)
	at sun.reflect.NativeMethodAccessorImpl.invoke(NativeMethodAccessorImpl.java:62)
	at sun.reflect.DelegatingMethodAccessorImpl.invoke(DelegatingMethodAccessorImpl.java:43)
	at java.lang.reflect.Method.invoke(Method.java:498)
	at org.testng.internal.MethodInvocationHelper.invokeMethod(MethodInvocationHelper.java:80)
	at org.testng.internal.Invoker.invokeMethod(Invoker.java:714)
	at org.testng.internal.Invoker.invokeTestMethod(Invoker.java:901)
	at org.testng.internal.Invoker.invokeTestMethods(Invoker.java:1231)
	at org.testng.internal.TestMethodWorker.invokeTestMethods(TestMethodWorker.java:127)
	at org.testng.internal.TestMethodWorker.run(TestMethodWorker.java:111)
	at org.testng.TestRunner.privateRun(TestRunner.java:767)
	at org.testng.TestRunner.run(TestRunner.java:617)
	at org.testng.SuiteRunner.runTest(SuiteRunner.java:334)
	at org.testng.SuiteRunner.runSequentially(SuiteRunner.java:329)
	at org.testng.SuiteRunner.privateRun(SuiteRunner.java:291)
	at org.testng.SuiteRunner.run(SuiteRunner.java:240)
	at org.testng.SuiteRunnerWorker.runSuite(SuiteRunnerWorker.java:52)
	at org.testng.SuiteRunnerWorker.run(SuiteRunnerWorker.java:86)
	at org.testng.TestNG.runSuitesSequentially(TestNG.java:1198)
	at org.testng.TestNG.runSuitesLocally(TestNG.java:1123)
	at org.testng.TestNG.run(TestNG.java:1031)
	at org.testng.remote.AbstractRemoteTestNG.run(AbstractRemoteTestNG.java:132)
	at org.testng.remote.RemoteTestNG.initAndRun(RemoteTestNG.java:236)
	at org.testng.remote.RemoteTestNG.main(RemoteTestNG.java:81)
]]>
            </full-stacktrace>
          </exception> <!-- java.io.FileNotFoundException -->
          <reporter-output>
          </reporter-output>
        </test-method> <!-- createOpportunity -->
        <test-method status="PASS" signature="afterclassmethod()[pri:0, instance:Regression.createOpportunity@61832929]" name="afterclassmethod" is-config="true" duration-ms="2" started-at="2021-06-29T20:28:48Z" finished-at="2021-06-29T20:28:48Z">
          <reporter-output>
          </reporter-output>
        </test-method> <!-- afterclassmethod -->
        <test-method status="PASS" signature="aftersuitemethod()[pri:0, instance:Regression.createOpportunity@61832929]" name="aftersuitemethod" is-config="true" duration-ms="0" started-at="2021-06-29T20:28:48Z" finished-at="2021-06-29T20:28:48Z">
          <reporter-output>
          </reporter-output>
        </test-method> <!-- aftersuitemethod -->
      </class> <!-- Regression.createOpportunity -->
    </test> <!-- Default test -->
  </suite> <!-- Default suite -->
</testng-results>
